0 info it worked if it ends with ok
1 verbose cli [ '/usr/local/bin/node',
1 verbose cli   '/usr/local/bin/npm',
1 verbose cli   'run',
1 verbose cli   'heroku-postbuild' ]
2 info using npm@3.10.10
3 info using node@v6.9.4
4 verbose run-script [ 'preheroku-postbuild',
4 verbose run-script   'heroku-postbuild',
4 verbose run-script   'postheroku-postbuild' ]
5 info lifecycle MathCore@1.0.0~preheroku-postbuild: MathCore@1.0.0
6 silly lifecycle MathCore@1.0.0~preheroku-postbuild: no script for preheroku-postbuild, continuing
7 info lifecycle MathCore@1.0.0~heroku-postbuild: MathCore@1.0.0
8 verbose lifecycle MathCore@1.0.0~heroku-postbuild: unsafe-perm in lifecycle true
9 verbose lifecycle MathCore@1.0.0~heroku-postbuild: PATH: /usr/local/lib/node_modules/npm/bin/node-gyp-bin:/Users/anna/Desktop/gamefinal/2016_2_MathCore/node_modules/.bin:/usr/local/bin:/usr/bin:/bin:/usr/sbin:/sbin
10 verbose lifecycle MathCore@1.0.0~heroku-postbuild: CWD: /Users/anna/Desktop/gamefinal/2016_2_MathCore
11 silly lifecycle MathCore@1.0.0~heroku-postbuild: Args: [ '-c', 'webpack -p --config ./webpack.config.js --progress' ]
12 silly lifecycle MathCore@1.0.0~heroku-postbuild: Returned: code: 2  signal: null
13 info lifecycle MathCore@1.0.0~heroku-postbuild: Failed to exec heroku-postbuild script
14 verbose stack Error: MathCore@1.0.0 heroku-postbuild: `webpack -p --config ./webpack.config.js --progress`
14 verbose stack Exit status 2
14 verbose stack     at EventEmitter.<anonymous> (/usr/local/lib/node_modules/npm/lib/utils/lifecycle.js:255:16)
14 verbose stack     at emitTwo (events.js:106:13)
14 verbose stack     at EventEmitter.emit (events.js:191:7)
14 verbose stack     at ChildProcess.<anonymous> (/usr/local/lib/node_modules/npm/lib/utils/spawn.js:40:14)
14 verbose stack     at emitTwo (events.js:106:13)
14 verbose stack     at ChildProcess.emit (events.js:191:7)
14 verbose stack     at maybeClose (internal/child_process.js:877:16)
14 verbose stack     at Process.ChildProcess._handle.onexit (internal/child_process.js:226:5)
15 verbose pkgid MathCore@1.0.0
16 verbose cwd /Users/anna/Desktop/gamefinal/2016_2_MathCore
17 error Darwin 16.4.0
18 error argv "/usr/local/bin/node" "/usr/local/bin/npm" "run" "heroku-postbuild"
19 error node v6.9.4
20 error npm  v3.10.10
21 error code ELIFECYCLE
22 error MathCore@1.0.0 heroku-postbuild: `webpack -p --config ./webpack.config.js --progress`
22 error Exit status 2
23 error Failed at the MathCore@1.0.0 heroku-postbuild script 'webpack -p --config ./webpack.config.js --progress'.
23 error Make sure you have the latest version of node.js and npm installed.
23 error If you do, this is most likely a problem with the MathCore package,
23 error not with npm itself.
23 error Tell the author that this fails on your system:
23 error     webpack -p --config ./webpack.config.js --progress
23 error You can get information on how to open an issue for this project with:
23 error     npm bugs MathCore
23 error Or if that isn't available, you can get their info via:
23 error     npm owner ls MathCore
23 error There is likely additional logging output above.
24 verbose exit [ 1, true ]
